GROUP,PACKAGE,CLASS,INSTRUCTION_MISSED,INSTRUCTION_COVERED,BRANCH_MISSED,BRANCH_COVERED,LINE_MISSED,LINE_COVERED,COMPLEXITY_MISSED,COMPLEXITY_COVERED,METHOD_MISSED,METHOD_COVERED
LAB2,lab2,GameObject,98,38,14,0,20,10,12,5,5,5
LAB2,lab2,Garage,124,0,16,0,25,0,14,0,6,0
LAB2,lab2,Vehicle,0,187,0,8,0,48,0,24,0,20
LAB2,lab2,ConditionallyMovableVehicle,6,32,3,1,1,6,3,4,1,4
LAB2,lab2,Volvo240,0,39,0,0,0,6,0,5,0,5
LAB2,lab2,VolvoFH16,149,61,26,2,33,14,21,6,7,6
LAB2,lab2,Scania,35,43,7,1,8,10,5,4,1,4
LAB2,lab2,Saab95,0,48,0,2,0,8,0,7,0,6
